sending incremental file list
contigs.fasta

sent 752,969,797 bytes  received 35 bytes  215,134,237.71 bytes/sec
total size is 752,785,895  speedup is 1.00
sending incremental file list
ncbi/
ncbi/nt.00.nhd
ncbi/nt.00.nhi
ncbi/nt.00.nhr
ncbi/nt.00.nin
ncbi/nt.00.nnd
ncbi/nt.00.nni
ncbi/nt.00.nog
ncbi/nt.00.nsq
ncbi/nt.00.tar.gz.md5
ncbi/nt.01.nhd
ncbi/nt.01.nhi
ncbi/nt.01.nhr
ncbi/nt.01.nin
ncbi/nt.01.nnd
ncbi/nt.01.nni
ncbi/nt.01.nog
ncbi/nt.01.nsq
ncbi/nt.01.tar.gz.md5
ncbi/nt.02.nhd
ncbi/nt.02.nhi
ncbi/nt.02.nhr
ncbi/nt.02.nin
ncbi/nt.02.nnd
ncbi/nt.02.nni
ncbi/nt.02.nog
ncbi/nt.02.nsq
ncbi/nt.02.tar.gz.md5
ncbi/nt.03.nhd
ncbi/nt.03.nhi
ncbi/nt.03.nhr
ncbi/nt.03.nin
ncbi/nt.03.nnd
ncbi/nt.03.nni
ncbi/nt.03.nog
ncbi/nt.03.nsq
ncbi/nt.03.tar.gz.md5
ncbi/nt.04.nhd
ncbi/nt.04.nhi
ncbi/nt.04.nhr
ncbi/nt.04.nin
ncbi/nt.04.nnd
ncbi/nt.04.nni
ncbi/nt.04.nog
ncbi/nt.04.nsq
ncbi/nt.04.tar.gz.md5
ncbi/nt.05.nhd
ncbi/nt.05.nhi
ncbi/nt.05.nhr
ncbi/nt.05.nin
ncbi/nt.05.nnd
ncbi/nt.05.nni
ncbi/nt.05.nog
ncbi/nt.05.nsq
ncbi/nt.05.tar.gz.md5
ncbi/nt.06.nhd
ncbi/nt.06.nhi
ncbi/nt.06.nhr
ncbi/nt.06.nin
ncbi/nt.06.nnd
ncbi/nt.06.nni
ncbi/nt.06.nog
ncbi/nt.06.nsq
ncbi/nt.06.tar.gz.md5
ncbi/nt.07.nhd
ncbi/nt.07.nhi
ncbi/nt.07.nhr
ncbi/nt.07.nin
ncbi/nt.07.nnd
ncbi/nt.07.nni
ncbi/nt.07.nog
ncbi/nt.07.nsq
ncbi/nt.07.tar.gz.md5
ncbi/nt.08.nhd
ncbi/nt.08.nhi
ncbi/nt.08.nhr
ncbi/nt.08.nin
ncbi/nt.08.nnd
ncbi/nt.08.nni
ncbi/nt.08.nog
ncbi/nt.08.nsq
ncbi/nt.08.tar.gz.md5
ncbi/nt.09.nhd
ncbi/nt.09.nhi
ncbi/nt.09.nhr
ncbi/nt.09.nin
ncbi/nt.09.nnd
ncbi/nt.09.nni
ncbi/nt.09.nog
ncbi/nt.09.nsq
ncbi/nt.09.tar.gz.md5
ncbi/nt.10.nhd
ncbi/nt.10.nhi
ncbi/nt.10.nhr
ncbi/nt.10.nin
ncbi/nt.10.nnd
ncbi/nt.10.nni
ncbi/nt.10.nog
ncbi/nt.10.nsq
ncbi/nt.10.tar.gz.md5
ncbi/nt.11.nhd
ncbi/nt.11.nhi
ncbi/nt.11.nhr
ncbi/nt.11.nin
ncbi/nt.11.nnd
ncbi/nt.11.nni
ncbi/nt.11.nog
ncbi/nt.11.nsq
ncbi/nt.11.tar.gz.md5
ncbi/nt.12.nhd
ncbi/nt.12.nhi
ncbi/nt.12.nhr
ncbi/nt.12.nin
ncbi/nt.12.nnd
ncbi/nt.12.nni
ncbi/nt.12.nog
ncbi/nt.12.nsq
ncbi/nt.12.tar.gz.md5
ncbi/nt.13.nhd
ncbi/nt.13.nhi
ncbi/nt.13.nhr
ncbi/nt.13.nin
ncbi/nt.13.nnd
ncbi/nt.13.nni
ncbi/nt.13.nog
ncbi/nt.13.nsq
ncbi/nt.13.tar.gz.md5
ncbi/nt.14.nhd
ncbi/nt.14.nhi
ncbi/nt.14.nhr
ncbi/nt.14.nin
ncbi/nt.14.nnd
ncbi/nt.14.nni
ncbi/nt.14.nog
ncbi/nt.14.nsq
ncbi/nt.14.tar.gz.md5
ncbi/nt.15.nhd
ncbi/nt.15.nhi
ncbi/nt.15.nhr
ncbi/nt.15.nin
ncbi/nt.15.nnd
ncbi/nt.15.nni
ncbi/nt.15.nog
ncbi/nt.15.nsq
ncbi/nt.15.tar.gz.md5
ncbi/nt.16.nhd
ncbi/nt.16.nhi
ncbi/nt.16.nhr
ncbi/nt.16.nin
ncbi/nt.16.nnd
ncbi/nt.16.nni
ncbi/nt.16.nog
ncbi/nt.16.nsq
ncbi/nt.16.tar.gz.md5
ncbi/nt.17.nhd
ncbi/nt.17.nhi
ncbi/nt.17.nhr
ncbi/nt.17.nin
ncbi/nt.17.nnd
ncbi/nt.17.nni
ncbi/nt.17.nog
ncbi/nt.17.nsq
ncbi/nt.17.tar.gz.md5
ncbi/nt.18.nhd
ncbi/nt.18.nhi
ncbi/nt.18.nhr
ncbi/nt.18.nin
ncbi/nt.18.nnd
ncbi/nt.18.nni
ncbi/nt.18.nog
ncbi/nt.18.nsq
ncbi/nt.18.tar.gz.md5
ncbi/nt.19.nhd
ncbi/nt.19.nhi
ncbi/nt.19.nhr
ncbi/nt.19.nin
ncbi/nt.19.nnd
ncbi/nt.19.nni
ncbi/nt.19.nog
ncbi/nt.19.nsq
ncbi/nt.19.tar.gz.md5
ncbi/nt.20.nhd
ncbi/nt.20.nhi
ncbi/nt.20.nhr
ncbi/nt.20.nin
ncbi/nt.20.nnd
ncbi/nt.20.nni
ncbi/nt.20.nog
ncbi/nt.20.nsq
ncbi/nt.20.tar.gz.md5
ncbi/nt.21.nhd
ncbi/nt.21.nhi
ncbi/nt.21.nhr
ncbi/nt.21.nin
ncbi/nt.21.nnd
ncbi/nt.21.nni
ncbi/nt.21.nog
ncbi/nt.21.nsq
ncbi/nt.21.tar.gz.md5
ncbi/nt.22.nhd
ncbi/nt.22.nhi
ncbi/nt.22.nhr
ncbi/nt.22.nin
ncbi/nt.22.nnd
ncbi/nt.22.nni
ncbi/nt.22.nog
ncbi/nt.22.nsq
ncbi/nt.22.tar.gz.md5
ncbi/nt.23.nhd
ncbi/nt.23.nhi
ncbi/nt.23.nhr
ncbi/nt.23.nin
ncbi/nt.23.nnd
ncbi/nt.23.nni
ncbi/nt.23.nog
ncbi/nt.23.nsq
ncbi/nt.23.tar.gz.md5
ncbi/nt.24.nhd
ncbi/nt.24.nhi
ncbi/nt.24.nhr
ncbi/nt.24.nin
ncbi/nt.24.nnd
ncbi/nt.24.nni
ncbi/nt.24.nog
ncbi/nt.24.nsq
ncbi/nt.24.tar.gz.md5
ncbi/nt.25.nhd
ncbi/nt.25.nhi
ncbi/nt.25.nhr
ncbi/nt.25.nin
ncbi/nt.25.nnd
ncbi/nt.25.nni
ncbi/nt.25.nog
ncbi/nt.25.nsq
ncbi/nt.25.tar.gz.md5
ncbi/nt.26.nhd
ncbi/nt.26.nhi
ncbi/nt.26.nhr
ncbi/nt.26.nin
ncbi/nt.26.nnd
ncbi/nt.26.nni
ncbi/nt.26.nog
ncbi/nt.26.nsq
ncbi/nt.26.tar.gz.md5
ncbi/nt.27.nhd
ncbi/nt.27.nhi
ncbi/nt.27.nhr
ncbi/nt.27.nin
ncbi/nt.27.nnd
ncbi/nt.27.nni
ncbi/nt.27.nog
ncbi/nt.27.nsq
ncbi/nt.27.tar.gz.md5
ncbi/nt.28.nhd
ncbi/nt.28.nhi
ncbi/nt.28.nhr
ncbi/nt.28.nin
ncbi/nt.28.nnd
ncbi/nt.28.nni
ncbi/nt.28.nog
ncbi/nt.28.nsq
ncbi/nt.28.tar.gz.md5
ncbi/nt.29.nhd
ncbi/nt.29.nhi
ncbi/nt.29.nhr
ncbi/nt.29.nin
ncbi/nt.29.nnd
ncbi/nt.29.nni
ncbi/nt.29.nog
ncbi/nt.29.nsq
ncbi/nt.29.tar.gz.md5
ncbi/nt.30.nhd
ncbi/nt.30.nhi
ncbi/nt.30.nhr
ncbi/nt.30.nin
ncbi/nt.30.nnd
ncbi/nt.30.nni
ncbi/nt.30.nog
ncbi/nt.30.nsq
ncbi/nt.30.tar.gz.md5
ncbi/nt.31.nhd
ncbi/nt.31.nhi
ncbi/nt.31.nhr
ncbi/nt.31.nin
ncbi/nt.31.nnd
ncbi/nt.31.nni
ncbi/nt.31.nog
ncbi/nt.31.nsq
ncbi/nt.31.tar.gz.md5
ncbi/nt.32.nhd
ncbi/nt.32.nhi
ncbi/nt.32.nhr
ncbi/nt.32.nin
ncbi/nt.32.nnd
ncbi/nt.32.nni
ncbi/nt.32.nog
ncbi/nt.32.nsq
ncbi/nt.32.tar.gz.md5
ncbi/nt.33.nhd
ncbi/nt.33.nhi
ncbi/nt.33.nhr
ncbi/nt.33.nin
ncbi/nt.33.nnd
ncbi/nt.33.nni
ncbi/nt.33.nog
ncbi/nt.33.nsq
ncbi/nt.33.tar.gz.md5
ncbi/nt.34.nhd
ncbi/nt.34.nhi
ncbi/nt.34.nhr
ncbi/nt.34.nin
ncbi/nt.34.nnd
ncbi/nt.34.nni
ncbi/nt.34.nog
ncbi/nt.34.nsq
ncbi/nt.34.tar.gz.md5
ncbi/nt.35.nhd
ncbi/nt.35.nhi
ncbi/nt.35.nhr
ncbi/nt.35.nin
ncbi/nt.35.nnd
ncbi/nt.35.nni
ncbi/nt.35.nog
ncbi/nt.35.nsq
ncbi/nt.35.tar.gz.md5
ncbi/nt.36.nhd
ncbi/nt.36.nhi
ncbi/nt.36.nhr
ncbi/nt.36.nin
ncbi/nt.36.nnd
ncbi/nt.36.nni
ncbi/nt.36.nog
ncbi/nt.36.nsq
ncbi/nt.36.tar.gz.md5
ncbi/nt.37.nhd
ncbi/nt.37.nhi
ncbi/nt.37.nhr
ncbi/nt.37.nin
ncbi/nt.37.nnd
ncbi/nt.37.nni
ncbi/nt.37.nog
ncbi/nt.37.nsq
ncbi/nt.37.tar.gz.md5
ncbi/nt.38.nhd
ncbi/nt.38.nhi
ncbi/nt.38.nhr
ncbi/nt.38.nin
ncbi/nt.38.nnd
ncbi/nt.38.nni
ncbi/nt.38.nog
ncbi/nt.38.nsq
ncbi/nt.38.tar.gz.md5
ncbi/nt.39.nhd
ncbi/nt.39.nhi
ncbi/nt.39.nhr
ncbi/nt.39.nin
ncbi/nt.39.nnd
ncbi/nt.39.nni
ncbi/nt.39.nog
ncbi/nt.39.nsq
ncbi/nt.39.tar.gz.md5
ncbi/nt.40.nhd
ncbi/nt.40.nhi
ncbi/nt.40.nhr
ncbi/nt.40.nin
ncbi/nt.40.nnd
ncbi/nt.40.nni
ncbi/nt.40.nog
ncbi/nt.40.nsq
ncbi/nt.40.tar.gz.md5
ncbi/nt.41.nhd
ncbi/nt.41.nhi
ncbi/nt.41.nhr
ncbi/nt.41.nin
ncbi/nt.41.nnd
ncbi/nt.41.nni
ncbi/nt.41.nog
ncbi/nt.41.nsq
ncbi/nt.41.tar.gz.md5
ncbi/nt.42.nhd
ncbi/nt.42.nhi
ncbi/nt.42.nhr
ncbi/nt.42.nin
ncbi/nt.42.nnd
ncbi/nt.42.nni
ncbi/nt.42.nog
ncbi/nt.42.nsq
ncbi/nt.42.tar.gz.md5
ncbi/nt.43.nhd
ncbi/nt.43.nhi
ncbi/nt.43.nhr
ncbi/nt.43.nin
ncbi/nt.43.nnd
ncbi/nt.43.nni
ncbi/nt.43.nog
ncbi/nt.43.nsq
ncbi/nt.43.tar.gz.md5
ncbi/nt.44.nhd
ncbi/nt.44.nhi
ncbi/nt.44.nhr
ncbi/nt.44.nin
ncbi/nt.44.nnd
ncbi/nt.44.nni
ncbi/nt.44.nog
ncbi/nt.44.nsq
ncbi/nt.44.tar.gz.md5
ncbi/nt.45.nhd
ncbi/nt.45.nhi
ncbi/nt.45.nhr
ncbi/nt.45.nin
ncbi/nt.45.nnd
ncbi/nt.45.nni
ncbi/nt.45.nog
ncbi/nt.45.nsq
ncbi/nt.45.tar.gz.md5
ncbi/nt.46.nhd
ncbi/nt.46.nhi
ncbi/nt.46.nhr
ncbi/nt.46.nin
ncbi/nt.46.nnd
ncbi/nt.46.nni
ncbi/nt.46.nog
ncbi/nt.46.nsq
ncbi/nt.46.tar.gz.md5
ncbi/nt.47.nhd
ncbi/nt.47.nhi
ncbi/nt.47.nhr
ncbi/nt.47.nin
ncbi/nt.47.nnd
ncbi/nt.47.nni
ncbi/nt.47.nog
ncbi/nt.47.nsq
ncbi/nt.47.tar.gz.md5
ncbi/nt.48.nhd
ncbi/nt.48.nhi
ncbi/nt.48.nhr
ncbi/nt.48.nin
ncbi/nt.48.nnd
ncbi/nt.48.nni
ncbi/nt.48.nog
ncbi/nt.48.nsq
ncbi/nt.48.tar.gz.md5
ncbi/nt.49.nhd
ncbi/nt.49.nhi
ncbi/nt.49.nhr
ncbi/nt.49.nin
ncbi/nt.49.nnd
ncbi/nt.49.nni
ncbi/nt.49.nog
ncbi/nt.49.nsq
ncbi/nt.49.tar.gz.md5
ncbi/nt.50.nhd
ncbi/nt.50.nhi
ncbi/nt.50.nhr
ncbi/nt.50.nin
ncbi/nt.50.nnd
ncbi/nt.50.nni
ncbi/nt.50.nog
ncbi/nt.50.nsq
ncbi/nt.50.tar.gz.md5
ncbi/nt.51.nhd
ncbi/nt.51.nhi
ncbi/nt.51.nhr
ncbi/nt.51.nin
ncbi/nt.51.nnd
ncbi/nt.51.nni
ncbi/nt.51.nog
ncbi/nt.51.nsq
ncbi/nt.51.tar.gz.md5
ncbi/nt.52.nhd
ncbi/nt.52.nhi
ncbi/nt.52.nhr
ncbi/nt.52.nin
ncbi/nt.52.nnd
ncbi/nt.52.nni
ncbi/nt.52.nog
ncbi/nt.52.nsq
ncbi/nt.52.tar.gz.md5
ncbi/nt.53.nhd
ncbi/nt.53.nhi
ncbi/nt.53.nhr
ncbi/nt.53.nin
ncbi/nt.53.nnd
ncbi/nt.53.nni
ncbi/nt.53.nog
ncbi/nt.53.nsq
ncbi/nt.53.tar.gz.md5
ncbi/nt.54.nhd
ncbi/nt.54.nhi
ncbi/nt.54.nhr
ncbi/nt.54.nin
ncbi/nt.54.nnd
ncbi/nt.54.nni
ncbi/nt.54.nog
ncbi/nt.54.nsq
ncbi/nt.54.tar.gz.md5
ncbi/nt.55.nhd
ncbi/nt.55.nhi
ncbi/nt.55.nhr
ncbi/nt.55.nin
ncbi/nt.55.nnd
ncbi/nt.55.nni
ncbi/nt.55.nog
ncbi/nt.55.nsq
ncbi/nt.55.tar.gz.md5
ncbi/nt.56.nhd
ncbi/nt.56.nhi
ncbi/nt.56.nhr
ncbi/nt.56.nin
ncbi/nt.56.nnd
ncbi/nt.56.nni
ncbi/nt.56.nog
ncbi/nt.56.nsq
ncbi/nt.56.tar.gz.md5
ncbi/nt.nal
ncbi/nt.ndb
ncbi/nt.nos
ncbi/nt.not
ncbi/nt.ntf
ncbi/nt.nto
ncbi/taxdb.btd
ncbi/taxdb.bti

sent 197,485,862,184 bytes  received 9,919 bytes  207,770,512.47 bytes/sec
total size is 197,437,629,369  speedup is 1.00
BLAST Database error: BLASTDB alias file creation failed.  Some referenced files may be missing
