sending incremental file list
TF11_Chrysomya-rufifacies_S3_R1_001.trimmed.fastq.gz
TF11_Chrysomya-rufifacies_S3_R2_001.trimmed.fastq.gz
TF19_Chrysomya-rufifacies_S4_R1_001.trimmed.fastq.gz
TF19_Chrysomya-rufifacies_S4_R2_001.trimmed.fastq.gz

sent 34,572,836,925 bytes  received 92 bytes  114,290,370.30 bytes/sec
total size is 34,564,397,932  speedup is 1.00


== Warning ==  output dir is not empty! Please, clean output directory before run.




== Warning ==  No assembly mode was specified! If you intend to assemble high-coverage multi-cell/isolate data, use '--isolate' option.


Command line: /ceph/users/eskarlou/miniconda3/envs/SPAdes/bin/spades.py	--pe1-1	/scratch/eskarlou/183943/SPAdes/TF19_Chrysomya-rufifacies_S4_R1_001.trimmed.fastq.gz	--pe1-2	/scratch/eskarlou/183943/SPAdes/TF19_Chrysomya-rufifacies_S4_R2_001.trimmed.fastq.gz	--pe2-1	/scratch/eskarlou/183943/SPAdes/TF11_Chrysomya-rufifacies_S3_R1_001.trimmed.fastq.gz	--pe2-2	/scratch/eskarlou/183943/SPAdes/TF11_Chrysomya-rufifacies_S3_R2_001.trimmed.fastq.gz	-o	/scratch/eskarlou/183943/SPAdes	--threads	16	--only-assembler	

System information:
  SPAdes version: 3.15.5
  Python version: 3.11.2
  OS: Linux-4.15.0-176-generic-x86_64-with-glibc2.27

Output dir: /scratch/eskarlou/183943/SPAdes
Mode: ONLY assembling (without read error correction)
Debug mode is turned OFF

Dataset parameters:
  Standard mode
  For multi-cell/isolate data we recommend to use '--isolate' option; for single-cell MDA data use '--sc'; for metagenomic data use '--meta'; for RNA-Seq use '--rna'.
  Reads:
    Library number: 1, library type: paired-end
      orientation: fr
      left reads: ['/scratch/eskarlou/183943/SPAdes/TF19_Chrysomya-rufifacies_S4_R1_001.trimmed.fastq.gz']
      right reads: ['/scratch/eskarlou/183943/SPAdes/TF19_Chrysomya-rufifacies_S4_R2_001.trimmed.fastq.gz']
      interlaced reads: not specified
      single reads: not specified
      merged reads: not specified
    Library number: 2, library type: paired-end
      orientation: fr
      left reads: ['/scratch/eskarlou/183943/SPAdes/TF11_Chrysomya-rufifacies_S3_R1_001.trimmed.fastq.gz']
      right reads: ['/scratch/eskarlou/183943/SPAdes/TF11_Chrysomya-rufifacies_S3_R2_001.trimmed.fastq.gz']
      interlaced reads: not specified
      single reads: not specified
      merged reads: not specified
Assembly parameters:
  k: automatic selection based on read length
  Repeat resolution is enabled
  Mismatch careful mode is turned OFF
  MismatchCorrector will be SKIPPED
  Coverage cutoff is turned OFF
Other parameters:
  Dir for temp files: /scratch/eskarlou/183943/SPAdes/tmp
  Threads: 16
  Memory limit (in Gb): 250


======= SPAdes pipeline started. Log can be found here: /scratch/eskarlou/183943/SPAdes/spades.log

/scratch/eskarlou/183943/SPAdes/TF19_Chrysomya-rufifacies_S4_R1_001.trimmed.fastq.gz: max reads length: 151
/scratch/eskarlou/183943/SPAdes/TF19_Chrysomya-rufifacies_S4_R2_001.trimmed.fastq.gz: max reads length: 151
/scratch/eskarlou/183943/SPAdes/TF11_Chrysomya-rufifacies_S3_R1_001.trimmed.fastq.gz: max reads length: 151
/scratch/eskarlou/183943/SPAdes/TF11_Chrysomya-rufifacies_S3_R2_001.trimmed.fastq.gz: max reads length: 151

Reads length: 151

Default k-mer sizes were set to [21, 33, 55, 77] because estimated read length (151) is equal to or greater than 150

===== Before start started. 


===== Assembling started. 


===== K21 started. 


== Running: /ceph/users/eskarlou/miniconda3/envs/SPAdes/bin/spades-core /scratch/eskarlou/183943/SPAdes/K21/configs/config.info

  0:00:00.000     1M / 34M   INFO    General                 (main.cpp                  :  99)   Loaded config from /scratch/eskarlou/183943/SPAdes/K21/configs/config.info
  0:00:00.001     1M / 34M   INFO    General                 (memory_limit.cpp          :  54)   Memory limit set to 250 Gb
  0:00:00.001     1M / 34M   INFO    General                 (main.cpp                  : 107)   Starting SPAdes, built from N/A, git revision N/A
  0:00:00.001     1M / 34M   INFO    General                 (main.cpp                  : 108)   Maximum k-mer length: 128
  0:00:00.001     1M / 34M   INFO    General                 (main.cpp                  : 109)   Assembling dataset (/scratch/eskarlou/183943/SPAdes/dataset.info) with K=21
  0:00:00.001     1M / 34M   INFO    General                 (main.cpp                  : 110)   Maximum # of threads to use (adjusted due to OMP capabilities): 16
  0:00:00.001     1M / 34M   INFO    General                 (pipeline.cpp              : 212)   SPAdes started
  0:00:00.001     1M / 34M   INFO    General                 (pipeline.cpp              : 225)   Starting from stage: read_conversion
  0:00:00.001     1M / 34M   INFO    General                 (pipeline.cpp              : 231)   Two-step repeat resolution disabled
  0:00:00.001     1M / 34M   INFO   GraphCore                (graph_core.hpp            : 672)   Graph created, vertex min_id: 3, edge min_id: 3
  0:00:00.001     1M / 34M   INFO   GraphCore                (graph_core.hpp            : 673)   Vertex size: 48, edge size: 40
  0:00:00.001     1M / 34M   INFO    General                 (edge_index.hpp            : 113)   Size of edge index entries: 12/8
  0:00:00.001     1M / 34M   INFO   StageManager             (stage.cpp                 : 185)   STAGE == Binary Read Conversion (id: read_conversion)
  0:00:00.002     1M / 34M   INFO    General                 (read_converter.cpp        :  72)   Converting reads to binary format for library #0 (takes a while)
  0:00:00.002     1M / 34M   INFO    General                 (read_converter.cpp        :  73)   Converting paired reads
  0:00:00.799    68M / 91M   INFO    General                 (binary_converter.cpp      :  96)   16384 reads processed
  0:00:00.829    72M / 101M  INFO    General                 (binary_converter.cpp      :  96)   32768 reads processed
  0:00:00.888    82M / 121M  INFO    General                 (binary_converter.cpp      :  96)   65536 reads processed
  0:00:01.245    72M / 161M  INFO    General                 (binary_converter.cpp      :  96)   131072 reads processed
  0:00:01.802    81M / 194M  INFO    General                 (binary_converter.cpp      :  96)   262144 reads processed
  0:00:03.184    70M / 234M  INFO    General                 (binary_converter.cpp      :  96)   524288 reads processed
  0:00:05.747    76M / 335M  INFO    General                 (binary_converter.cpp      :  96)   1048576 reads processed
  0:00:09.915    61M / 397M  INFO    General                 (binary_converter.cpp      :  96)   2097152 reads processed
  0:00:18.870     0M / 478M  INFO    General                 (binary_converter.cpp      :  96)   4194304 reads processed
  0:00:38.268     0M / 511M  INFO    General                 (binary_converter.cpp      :  96)   8388608 reads processed
  0:01:16.698     0M / 579M  INFO    General                 (binary_converter.cpp      :  96)   16777216 reads processed
  0:02:31.130     0M / 612M  INFO    General                 (binary_converter.cpp      :  96)   33554432 reads processed
  0:05:05.107     0M / 644M  INFO    General                 (binary_converter.cpp      :  96)   67108864 reads processed
