sending incremental file list
AF7_Chrysomya-rufifacies_S2_R1_001.trimmed.fastq.gz
AF7_Chrysomya-rufifacies_S2_R2_001.trimmed.fastq.gz
TF11_Chrysomya-rufifacies_S3_R1_001.trimmed.fastq.gz
TF11_Chrysomya-rufifacies_S3_R2_001.trimmed.fastq.gz
TF19_Chrysomya-rufifacies_S4_R1_001.trimmed.fastq.gz
TF19_Chrysomya-rufifacies_S4_R2_001.trimmed.fastq.gz

sent 56,979,636,631 bytes  received 130 bytes  56,837,542.90 bytes/sec
total size is 56,965,728,373  speedup is 1.00


== Warning ==  output dir is not empty! Please, clean output directory before run.




== Warning ==  No assembly mode was specified! If you intend to assemble high-coverage multi-cell/isolate data, use '--isolate' option.


Command line: /ceph/users/eskarlou/miniconda3/envs/SPAdes/bin/spades.py	--pe1-1	/scratch/eskarlou/141434/SPAdes/TF19_Chrysomya-rufifacies_S4_R1_001.trimmed.fastq.gz	--pe1-2	/scratch/eskarlou/141434/SPAdes/TF19_Chrysomya-rufifacies_S4_R2_001.trimmed.fastq.gz	--pe2-1	/scratch/eskarlou/141434/SPAdes/TF11_Chrysomya-rufifacies_S3_R1_001.trimmed.fastq.gz	--pe2-2	/scratch/eskarlou/141434/SPAdes/TF11_Chrysomya-rufifacies_S3_R2_001.trimmed.fastq.gz	-o	/scratch/eskarlou/141434/SPAdes	--threads	16	--mismatch-correction	

System information:
  SPAdes version: 3.15.5
  Python version: 3.11.2
  OS: Linux-4.15.0-189-generic-x86_64-with-glibc2.27

Output dir: /scratch/eskarlou/141434/SPAdes
Mode: read error correction and assembling
Debug mode is turned OFF

Dataset parameters:
  Standard mode
  For multi-cell/isolate data we recommend to use '--isolate' option; for single-cell MDA data use '--sc'; for metagenomic data use '--meta'; for RNA-Seq use '--rna'.
  Reads:
    Library number: 1, library type: paired-end
      orientation: fr
      left reads: ['/scratch/eskarlou/141434/SPAdes/TF19_Chrysomya-rufifacies_S4_R1_001.trimmed.fastq.gz']
      right reads: ['/scratch/eskarlou/141434/SPAdes/TF19_Chrysomya-rufifacies_S4_R2_001.trimmed.fastq.gz']
      interlaced reads: not specified
      single reads: not specified
      merged reads: not specified
    Library number: 2, library type: paired-end
      orientation: fr
      left reads: ['/scratch/eskarlou/141434/SPAdes/TF11_Chrysomya-rufifacies_S3_R1_001.trimmed.fastq.gz']
      right reads: ['/scratch/eskarlou/141434/SPAdes/TF11_Chrysomya-rufifacies_S3_R2_001.trimmed.fastq.gz']
      interlaced reads: not specified
      single reads: not specified
      merged reads: not specified
Read error correction parameters:
  Iterations: 1
  PHRED offset will be auto-detected
  Corrected reads will be compressed
Assembly parameters:
  k: automatic selection based on read length
  Repeat resolution is enabled
  Mismatch careful mode is turned OFF
  MismatchCorrector will be used
  Coverage cutoff is turned OFF
Other parameters:
  Dir for temp files: /scratch/eskarlou/141434/SPAdes/tmp
  Threads: 16
  Memory limit (in Gb): 250


======= SPAdes pipeline started. Log can be found here: /scratch/eskarlou/141434/SPAdes/spades.log

/scratch/eskarlou/141434/SPAdes/TF19_Chrysomya-rufifacies_S4_R1_001.trimmed.fastq.gz: max reads length: 151
/scratch/eskarlou/141434/SPAdes/TF19_Chrysomya-rufifacies_S4_R2_001.trimmed.fastq.gz: max reads length: 151
/scratch/eskarlou/141434/SPAdes/TF11_Chrysomya-rufifacies_S3_R1_001.trimmed.fastq.gz: max reads length: 151
/scratch/eskarlou/141434/SPAdes/TF11_Chrysomya-rufifacies_S3_R2_001.trimmed.fastq.gz: max reads length: 151

Reads length: 151

Default k-mer sizes were set to [21, 33, 55, 77] because estimated read length (151) is equal to or greater than 150

===== Before start started. 


===== Read error correction started. 


===== Read error correction started. 


== Running: /ceph/users/eskarlou/miniconda3/envs/SPAdes/bin/spades-hammer /scratch/eskarlou/141434/SPAdes/corrected/configs/config.info

  0:00:00.000     1M / 33M   INFO    General                 (main.cpp                  :  75)   Starting BayesHammer, built from N/A, git revision N/A
  0:00:00.005     1M / 33M   INFO    General                 (main.cpp                  :  76)   Loading config from /scratch/eskarlou/141434/SPAdes/corrected/configs/config.info
  0:00:00.009     1M / 33M   INFO    General                 (main.cpp                  :  78)   Maximum # of threads to use (adjusted due to OMP capabilities): 16
  0:00:00.011     1M / 33M   INFO    General                 (memory_limit.cpp          :  54)   Memory limit set to 250 Gb
  0:00:00.011     1M / 33M   INFO    General                 (main.cpp                  :  86)   Trying to determine PHRED offset
  0:00:00.013     1M / 33M   INFO    General                 (main.cpp                  :  92)   Determined value is 33
  0:00:00.039     1M / 33M   INFO    General                 (hammer_tools.cpp          :  38)   Hamming graph threshold tau=1, k=21, subkmer positions = [ 0 10 ]
  0:00:00.039     1M / 33M   INFO    General                 (main.cpp                  : 113)   Size of aux. kmer data 24 bytes
     === ITERATION 0 begins ===
  0:00:00.039     1M / 33M   INFO    General                 (kmer_index_builder.hpp    : 243)   Splitting kmer instances into 16 files using 16 threads. This might take a while.
  0:00:00.040     1M / 33M   INFO    General                 (file_limit.hpp            :  42)   Open file limit set to 1024
  0:00:00.040     1M / 33M   INFO    General                 (kmer_splitter.hpp         :  93)   Memory available for splitting buffers: 5.20833 Gb
  0:00:00.040     1M / 33M   INFO    General                 (kmer_splitter.hpp         : 101)   Using cell size of 4194304
  0:00:00.041  9217M / 9217M INFO   K-mer Splitting          (kmer_data.cpp             :  97)   Processing /scratch/eskarlou/141434/SPAdes/TF19_Chrysomya-rufifacies_S4_R1_001.trimmed.fastq.gz
  0:00:46.785  9217M / 11G   INFO   K-mer Splitting          (kmer_data.cpp             : 107)   Processed 2960559 reads
  0:01:33.057  9217M / 11G   INFO   K-mer Splitting          (kmer_data.cpp             : 107)   Processed 5931357 reads
  0:02:17.729  9217M / 11G   INFO   K-mer Splitting          (kmer_data.cpp             : 107)   Processed 8728640 reads
  0:03:03.615  9217M / 11G   INFO   K-mer Splitting          (kmer_data.cpp             : 107)   Processed 11526598 reads
  0:03:50.102  9217M / 11G   INFO   K-mer Splitting          (kmer_data.cpp             : 107)   Processed 14463819 reads
  0:04:36.681  9217M / 11G   INFO   K-mer Splitting          (kmer_data.cpp             : 107)   Processed 17450545 reads
  0:05:22.822  9217M / 11G   INFO   K-mer Splitting          (kmer_data.cpp             : 107)   Processed 20641350 reads
  0:06:07.021  9217M / 11G   INFO   K-mer Splitting          (kmer_data.cpp             : 107)   Processed 23484637 reads
  0:06:52.505  9217M / 11G   INFO   K-mer Splitting          (kmer_data.cpp             : 107)   Processed 26352600 reads
  0:07:36.280  9217M / 11G   INFO   K-mer Splitting          (kmer_data.cpp             : 107)   Processed 29067080 reads
  0:09:04.690  9217M / 11G   INFO   K-mer Splitting          (kmer_data.cpp             : 107)   Processed 34622294 reads
  0:18:09.503  9217M / 11G   INFO   K-mer Splitting          (kmer_data.cpp             : 107)   Processed 69160990 reads
  0:28:43.795  9217M / 12G   INFO   K-mer Splitting          (kmer_data.cpp             :  97)   Processing /scratch/eskarlou/141434/SPAdes/TF19_Chrysomya-rufifacies_S4_R2_001.trimmed.fastq.gz
  0:36:07.802  9217M / 12G   INFO   K-mer Splitting          (kmer_data.cpp             : 107)   Processed 135649534 reads
  0:59:01.754  9217M / 12G   INFO   K-mer Splitting          (kmer_data.cpp             :  97)   Processing /scratch/eskarlou/141434/SPAdes/TF11_Chrysomya-rufifacies_S3_R1_001.trimmed.fastq.gz
  1:11:51.888  9217M / 12G   INFO   K-mer Splitting          (kmer_data.cpp             : 107)   Processed 268897443 reads
  1:33:14.709  9217M / 12G   INFO   K-mer Splitting          (kmer_data.cpp             :  97)   Processing /scratch/eskarlou/141434/SPAdes/TF11_Chrysomya-rufifacies_S3_R2_001.trimmed.fastq.gz
  2:14:10.128  9217M / 12G   INFO   K-mer Splitting          (kmer_data.cpp             : 112)   Total 485193452 reads processed
  2:14:10.131     1M / 12G   INFO    General                 (kmer_index_builder.hpp    : 249)   Starting k-mer counting.
  2:14:10.973     1M / 12G   ERROR   General                 (mmapped_reader.hpp        :  52)   mmap(2) failed. Reason: Cannot allocate memory. Error code: 12
  2:14:10.973     1M / 12G   ERROR   General                 (mmapped_reader.hpp        :  52)   mmap(2) failed. Reason: Cannot allocate memory. Error code: 12
  2:14:10.973     1M / 12G   ERROR   General                 (mmapped_reader.hpp        :  52)   mmap(2) failed. Reason: Cannot allocate memory. Error code: 12
  2:14:10.973     1M / 12G   ERROR   General                 (mmapped_reader.hpp        :  52)   mmap(2) failed. Reason: Cannot allocate memory. Error code: 12
  2:14:10.973     1M / 12G   ERROR   General                 (mmapped_reader.hpp        :  52)   mmap(2) failed. Reason: Cannot allocate memory. Error code: 12
  2:14:10.973     1M / 12G   ERROR   General                 (mmapped_reader.hpp        :  52)   mmap(2) failed. Reason: Cannot allocate memory. Error code: 12
  2:14:10.973     1M / 12G   ERROR   General                 (mmapped_reader.hpp        :  52)   mmap(2) failed. Reason: Cannot allocate memory. Error code: 12


== Error ==  system call for: "['/ceph/users/eskarlou/miniconda3/envs/SPAdes/bin/spades-hammer', '/scratch/eskarlou/141434/SPAdes/corrected/configs/config.info']" finished abnormally, OS return value: 12
None

In case you have troubles running SPAdes, you can write to spades.support@cab.spbu.ru
or report an issue on our GitHub repository github.com/ablab/spades
Please provide us with params.txt and spades.log files from the output directory.

SPAdes log can be found here: /scratch/eskarlou/141434/SPAdes/spades.log

Thank you for using SPAdes!
